<?xml version="1.0" encoding="UTF-8"?>
<!-- Generated by org.testng.reporters.JUnitXMLReporter -->
<testsuite hostname="DESKTOP-EPR1DQN" ignored="0" name="Test" tests="24" failures="1" timestamp="15 lip 2019 17:18:06 GMT" time="650.815" errors="0">
  <testcase name="loginToZurmo" time="0.0" classname="projekt.automatyzacja.test.LoginTC"/>
  <testcase name="createContact" time="17.025" classname="projekt.automatyzacja.test.CreateContactTC5"/>
  <testcase name="createContact" time="15.971" classname="projekt.automatyzacja.test.CreateContactTC5"/>
  <testcase name="editContact" time="31.436" classname="projekt.automatyzacja.test.EditContactTC"/>
  <testcase name="createAccount" time="13.203" classname="projekt.automatyzacja.test.CreateAccountTC"/>
  <testcase name="createCatalogItem" time="49.83" classname="projekt.automatyzacja.test.CreateCatalogItemTC"/>
  <testcase name="createLead" time="16.152" classname="projekt.automatyzacja.test.CreateLeadTC"/>
  <testcase name="deleteLead" time="22.087" classname="projekt.automatyzacja.test.DeleteLeadTC"/>
  <testcase name="createOpportunity" time="18.327" classname="projekt.automatyzacja.test.CreateOpportunityTC"/>
  <testcase name="exportOpportunity" time="4.845" classname="projekt.automatyzacja.test.ExportOpportunitiesTC"/>
  <testcase name="deactivateUser" time="0.001" classname="projekt.automatyzacja.test.DeactivateUserTC"/>
  <testcase name="activateUser" time="0.006" classname="projekt.automatyzacja.test.ActivateUserTC"/>
  <testcase name="addPost" time="6.639" classname="projekt.automatyzacja.test.AddPostTC"/>
  <testcase name="verifyCreatedContact" time="0.344" classname="projekt.automatyzacja.test.CreateContactTC5"/>
  <testcase name="verifyCreatedContact" time="0.344" classname="projekt.automatyzacja.test.CreateContactTC5"/>
  <testcase name="verifyEditedContact" time="0.318" classname="projekt.automatyzacja.test.EditContactTC"/>
  <testcase name="verifyCreatedAccount" time="0.25" classname="projekt.automatyzacja.test.CreateAccountTC"/>
  <testcase name="verifyCreatedCatalogItem" time="0.156" classname="projekt.automatyzacja.test.CreateCatalogItemTC"/>
  <testcase name="verifyCreatedLead" time="0.328" classname="projekt.automatyzacja.test.CreateLeadTC"/>
  <testcase name="verifyDeletion" time="0.015" classname="projekt.automatyzacja.test.DeleteLeadTC"/>
  <testcase name="verifyCreatedOpportunity" time="0.063" classname="projekt.automatyzacja.test.CreateOpportunityTC">
    <failure type="java.lang.AssertionError" message="expected [12/3/18] but found [7/15/19]">
      <![CDATA[java.lang.AssertionError: expected [12/3/18] but found [7/15/19]
at projekt.automatyzacja.test.CreateOpportunityTC.verifyCreatedOpportunity(CreateOpportunityTC.java:131)
... Removed 31 stack frames]]>
    </failure>
  </testcase> <!-- verifyCreatedOpportunity -->
  <testcase name="verifyDeactivationOfUser" time="0.0" classname="projekt.automatyzacja.test.DeactivateUserTC"/>
  <testcase name="verifyInactivationOfUser" time="0.0" classname="projekt.automatyzacja.test.ActivateUserTC"/>
  <testcase name="verifyAddedPost" time="0.025" classname="projekt.automatyzacja.test.AddPostTC"/>
</testsuite> <!-- Test -->
