<?xml version="1.0" encoding="UTF-8"?>
<!-- Generated by org.testng.reporters.JUnitXMLReporter -->
<testsuite hostname="DESKTOP-EPR1DQN" ignored="0" name="Test" tests="24" failures="1" timestamp="16 lip 2019 10:38:48 GMT" time="600.356" errors="0">
  <testcase name="loginToZurmo" time="0.0" classname="projekt.automatyzacja.test.LoginTC"/>
  <testcase name="createContact" time="14.773" classname="projekt.automatyzacja.test.CreateContactTC5"/>
  <testcase name="createContact" time="14.5" classname="projekt.automatyzacja.test.CreateContactTC5"/>
  <testcase name="editContact" time="28.931" classname="projekt.automatyzacja.test.EditContactTC"/>
  <testcase name="createAccount" time="11.258" classname="projekt.automatyzacja.test.CreateAccountTC"/>
  <testcase name="createCatalogItem" time="48.069" classname="projekt.automatyzacja.test.CreateCatalogItemTC"/>
  <testcase name="createLead" time="14.034" classname="projekt.automatyzacja.test.CreateLeadTC"/>
  <testcase name="deleteLead" time="21.202" classname="projekt.automatyzacja.test.DeleteLeadTC"/>
  <testcase name="createOpportunity" time="11.828" classname="projekt.automatyzacja.test.CreateOpportunityTC">
    <failure type="org.openqa.selenium.ElementClickInterceptedException" message="Element &amp;lt;select id=&amp;quot;Opportunity_stage_value&amp;quot; name=&amp;quot;Opportunity[stage][value]&amp;quot;&amp;gt; is not clickable at point (548.2250061035156,298) because another element &amp;lt;div class=&amp;quot;ui-datepicker-title&amp;quot;&amp;gt; obscures it
Build info: version: &amp;apos;3.14.0&amp;apos;, revision: &amp;apos;aacccce0&amp;apos;, time: &amp;apos;2018-08-02T20:19:58.91Z&amp;apos;
System info: host: &amp;apos;DESKTOP-EPR1DQN&amp;apos;, ip: &amp;apos;192.168.43.250&amp;apos;, os.name: &amp;apos;Windows 10&amp;apos;, os.arch: &amp;apos;amd64&amp;apos;, os.version: &amp;apos;10.0&amp;apos;, java.version: &amp;apos;1.8.0_121&amp;apos;
Driver info: org.openqa.selenium.firefox.FirefoxDriver
Capabilities {acceptInsecureCerts: true, browserName: firefox, browserVersion: 59.0.2, javascriptEnabled: true, moz:accessibilityChecks: false, moz:headless: false, moz:processID: 39932, moz:profile: C:\Windows\Temp\rust_mozpro..., moz:useNonSpecCompliantPointerOrigin: false, moz:webdriverClick: true, pageLoadStrategy: normal, platform: XP, platformName: XP, platformVersion: 10.0, rotatable: false, timeouts: {implicit: 0, pageLoad: 300000, script: 30000}}
Session ID: a48f86b5-66fa-4c29-9dcc-c7cd553e98d6">
      <![CDATA[org.openqa.selenium.ElementClickInterceptedException: Element <select id="Opportunity_stage_value" name="Opportunity[stage][value]"> is not clickable at point (548.2250061035156,298) because another element <div class="ui-datepicker-title"> obscures it
Build info: version: '3.14.0', revision: 'aacccce0', time: '2018-08-02T20:19:58.91Z'
System info: host: 'DESKTOP-EPR1DQN', ip: '192.168.43.250', os.name: 'Windows 10', os.arch: 'amd64', os.version: '10.0', java.version: '1.8.0_121'
Driver info: org.openqa.selenium.firefox.FirefoxDriver
Capabilities {acceptInsecureCerts: true, browserName: firefox, browserVersion: 59.0.2, javascriptEnabled: true, moz:accessibilityChecks: false, moz:headless: false, moz:processID: 39932, moz:profile: C:\Windows\Temp\rust_mozpro..., moz:useNonSpecCompliantPointerOrigin: false, moz:webdriverClick: true, pageLoadStrategy: normal, platform: XP, platformName: XP, platformVersion: 10.0, rotatable: false, timeouts: {implicit: 0, pageLoad: 300000, script: 30000}}
Session ID: a48f86b5-66fa-4c29-9dcc-c7cd553e98d6
at org.openqa.selenium.remote.http.W3CHttpResponseCodec.createException(W3CHttpResponseCodec.java:187)
at org.openqa.selenium.remote.http.W3CHttpResponseCodec.decode(W3CHttpResponseCodec.java:122)
at org.openqa.selenium.remote.http.W3CHttpResponseCodec.decode(W3CHttpResponseCodec.java:49)
at org.openqa.selenium.remote.HttpCommandExecutor.execute(HttpCommandExecutor.java:158)
at org.openqa.selenium.remote.service.DriverCommandExecutor.execute(DriverCommandExecutor.java:83)
at org.openqa.selenium.remote.RemoteWebDriver.execute(RemoteWebDriver.java:548)
at org.openqa.selenium.remote.RemoteWebElement.execute(RemoteWebElement.java:276)
at org.openqa.selenium.remote.RemoteWebElement.click(RemoteWebElement.java:83)
at org.openqa.selenium.support.ui.Select.setSelected(Select.java:324)
at org.openqa.selenium.support.ui.Select.selectByVisibleText(Select.java:120)
at projekt.automatyzacja.page.CreateOpportunityPage.selectStage(CreateOpportunityPage.java:113)
at projekt.automatyzacja.test.CreateOpportunityTC.createOpportunity(CreateOpportunityTC.java:115)
at org.apache.maven.plugin.surefire.InPluginVMSurefireStarter.runSuitesInProcess(InPluginVMSurefireStarter.java:87)
at org.apache.maven.plugin.surefire.AbstractSurefireMojo.executeProvider(AbstractSurefireMojo.java:1132)
at org.apache.maven.plugin.surefire.AbstractSurefireMojo.executeAfterPreconditionsChecked(AbstractSurefireMojo.java:978)
at org.apache.maven.plugin.surefire.AbstractSurefireMojo.execute(AbstractSurefireMojo.java:854)
at org.apache.maven.plugin.DefaultBuildPluginManager.executeMojo(DefaultBuildPluginManager.java:137)
at org.apache.maven.lifecycle.internal.MojoExecutor.execute(MojoExecutor.java:210)
at org.apache.maven.lifecycle.internal.MojoExecutor.execute(MojoExecutor.java:156)
at org.apache.maven.lifecycle.internal.MojoExecutor.execute(MojoExecutor.java:148)
at org.apache.maven.lifecycle.internal.LifecycleModuleBuilder.buildProject(LifecycleModuleBuilder.java:117)
at org.apache.maven.lifecycle.internal.LifecycleModuleBuilder.buildProject(LifecycleModuleBuilder.java:81)
at org.apache.maven.lifecycle.internal.builder.singlethreaded.SingleThreadedBuilder.build(SingleThreadedBuilder.java:56)
at org.apache.maven.lifecycle.internal.LifecycleStarter.execute(LifecycleStarter.java:128)
at org.apache.maven.DefaultMaven.doExecute(DefaultMaven.java:305)
at org.apache.maven.DefaultMaven.doExecute(DefaultMaven.java:192)
at org.apache.maven.DefaultMaven.execute(DefaultMaven.java:105)
at org.jvnet.hudson.maven3.launcher.Maven35Launcher.main(Maven35Launcher.java:130)
at org.codehaus.plexus.classworlds.launcher.Launcher.launchEnhanced(Launcher.java:289)
at org.codehaus.plexus.classworlds.launcher.Launcher.launch(Launcher.java:229)
at jenkins.maven3.agent.Maven35Main.launch(Maven35Main.java:176)
at hudson.maven.Maven3Builder.call(Maven3Builder.java:139)
at hudson.maven.Maven3Builder.call(Maven3Builder.java:70)
at hudson.remoting.UserRequest.perform(UserRequest.java:212)
at hudson.remoting.UserRequest.perform(UserRequest.java:54)
at hudson.remoting.Request$2.run(Request.java:369)
at hudson.remoting.InterceptingExecutorService$1.call(InterceptingExecutorService.java:72)
at java.util.concurrent.FutureTask.run(FutureTask.java:266)
at java.util.concurrent.ThreadPoolExecutor.runWorker(ThreadPoolExecutor.java:1142)
at java.util.concurrent.ThreadPoolExecutor$Worker.run(ThreadPoolExecutor.java:617)
at java.lang.Thread.run(Thread.java:745)
... Removed 44 stack frames]]>
    </failure>
  </testcase> <!-- createOpportunity -->
  <testcase name="exportOpportunity" time="5.344" classname="projekt.automatyzacja.test.ExportOpportunitiesTC"/>
  <testcase name="deactivateUser" time="0.0" classname="projekt.automatyzacja.test.DeactivateUserTC"/>
  <testcase name="activateUser" time="0.001" classname="projekt.automatyzacja.test.ActivateUserTC"/>
  <testcase name="addPost" time="5.53" classname="projekt.automatyzacja.test.AddPostTC"/>
  <testcase name="verifyCreatedContact" time="0.346" classname="projekt.automatyzacja.test.CreateContactTC5"/>
  <testcase name="verifyCreatedContact" time="0.285" classname="projekt.automatyzacja.test.CreateContactTC5"/>
  <testcase name="verifyEditedContact" time="0.306" classname="projekt.automatyzacja.test.EditContactTC"/>
  <testcase name="verifyCreatedAccount" time="0.35" classname="projekt.automatyzacja.test.CreateAccountTC"/>
  <testcase name="verifyCreatedCatalogItem" time="0.185" classname="projekt.automatyzacja.test.CreateCatalogItemTC"/>
  <testcase name="verifyCreatedLead" time="0.386" classname="projekt.automatyzacja.test.CreateLeadTC"/>
  <testcase name="verifyDeletion" time="0.039" classname="projekt.automatyzacja.test.DeleteLeadTC"/>
  <testcase name="verifyCreatedOpportunity" time="0.0" classname="projekt.automatyzacja.test.CreateOpportunityTC">
    <skipped/>
  </testcase> <!-- verifyCreatedOpportunity -->
  <testcase name="verifyDeactivationOfUser" time="0.0" classname="projekt.automatyzacja.test.DeactivateUserTC"/>
  <testcase name="verifyInactivationOfUser" time="0.0" classname="projekt.automatyzacja.test.ActivateUserTC"/>
  <testcase name="verifyAddedPost" time="0.029" classname="projekt.automatyzacja.test.AddPostTC"/>
</testsuite> <!-- Test -->
